shadow-cljs - server version: 2.8.52 running at http://localhost:9630
shadow-cljs - nREPL server started on port 9000
[:failed-to-compare "^0.23.0" "0.23.0" #error {
 :cause "Cannot invoke \"Object.getClass()\" because \"target\" is null"
 :via
 [{:type java.lang.NullPointerException
   :message "Cannot invoke \"Object.getClass()\" because \"target\" is null"
   :at [clojure.lang.Reflector invokeInstanceMethod "Reflector.java" 97]}]
 :trace
 [[clojure.lang.Reflector invokeInstanceMethod "Reflector.java" 97]
  [shadow.cljs.devtools.server.npm_deps$make_engine invokeStatic "npm_deps.clj" 39]
  [shadow.cljs.devtools.server.npm_deps$make_engine invoke "npm_deps.clj" 32]
  [shadow.cljs.devtools.server.npm_deps$fn__17075$fn__17076 invoke "npm_deps.clj" 46]
  [clojure.lang.Delay deref "Delay.java" 42]
  [clojure.core$deref invokeStatic "core.clj" 2337]
  [clojure.core$deref invoke "core.clj" 2323]
  [shadow.cljs.devtools.server.npm_deps$fn__17075$fn__17078 invoke "npm_deps.clj" 52]
  [shadow.build.targets.browser$check_npm_versions$fn__37920$fn__37921 invoke "browser.clj" 789]
  [clojure.core.protocols$iter_reduce invokeStatic "protocols.clj" 49]
  [clojure.core.protocols$fn__8228 invokeStatic "protocols.clj" 75]
  [clojure.core.protocols$fn__8228 invoke "protocols.clj" 75]
  [clojure.core.protocols$fn__8178$G__8173__8191 invoke "protocols.clj" 13]
  [clojure.core$reduce invokeStatic "core.clj" 6886]
  [clojure.core$reduce invoke "core.clj" 6868]
  [shadow.build.targets.browser$check_npm_versions$fn__37920 invoke "browser.clj" 781]
  [shadow.build.targets.browser$check_npm_versions invokeStatic "browser.clj" 780]
  [shadow.build.targets.browser$check_npm_versions invoke "browser.clj" 762]
  [shadow.build.targets.browser$process invokeStatic "browser.clj" 817]
  [shadow.build.targets.browser$process invoke "browser.clj" 801]
  [clojure.lang.Var invoke "Var.java" 384]
  [shadow.build$process_stage$fn__14001 invoke "build.clj" 143]
  [shadow.build$process_stage invokeStatic "build.clj" 140]
  [shadow.build$process_stage invoke "build.clj" 132]
  [shadow.build$compile invokeStatic "build.clj" 395]
  [shadow.build$compile invoke "build.clj" 384]
  [shadow.cljs.devtools.server.worker.impl$build_compile invokeStatic "impl.clj" 314]
  [shadow.cljs.devtools.server.worker.impl$build_compile invoke "impl.clj" 300]
  [shadow.cljs.devtools.server.worker.impl$eval15169$fn__15171 invoke "impl.clj" 695]
  [clojure.lang.MultiFn invoke "MultiFn.java" 234]
  [shadow.cljs.devtools.server.util$server_thread$fn__14814$fn__14815$fn__14823 invoke "util.clj" 285]
  [shadow.cljs.devtools.server.util$server_thread$fn__14814$fn__14815 invoke "util.clj" 284]
  [shadow.cljs.devtools.server.util$server_thread$fn__14814 invoke "util.clj" 257]
  [clojure.lang.AFn run "AFn.java" 22]
  [java.lang.Thread run "Thread.java" 1623]]}]
[:failed-to-compare "^18.2.0" "18.2.0" #error {
 :cause "Cannot invoke \"Object.getClass()\" because \"target\" is null"
 :via
 [{:type java.lang.NullPointerException
   :message "Cannot invoke \"Object.getClass()\" because \"target\" is null"
   :at [clojure.lang.Reflector invokeInstanceMethod "Reflector.java" 97]}]
 :trace
 [[clojure.lang.Reflector invokeInstanceMethod "Reflector.java" 97]
  [shadow.cljs.devtools.server.npm_deps$make_engine invokeStatic "npm_deps.clj" 39]
  [shadow.cljs.devtools.server.npm_deps$make_engine invoke "npm_deps.clj" 32]
  [shadow.cljs.devtools.server.npm_deps$fn__17075$fn__17076 invoke "npm_deps.clj" 46]
  [clojure.lang.Delay deref "Delay.java" 42]
  [clojure.core$deref invokeStatic "core.clj" 2337]
  [clojure.core$deref invoke "core.clj" 2323]
  [shadow.cljs.devtools.server.npm_deps$fn__17075$fn__17078 invoke "npm_deps.clj" 52]
  [shadow.build.targets.browser$check_npm_versions$fn__37920$fn__37921 invoke "browser.clj" 789]
  [clojure.core.protocols$iter_reduce invokeStatic "protocols.clj" 49]
  [clojure.core.protocols$fn__8228 invokeStatic "protocols.clj" 75]
  [clojure.core.protocols$fn__8228 invoke "protocols.clj" 75]
  [clojure.core.protocols$fn__8178$G__8173__8191 invoke "protocols.clj" 13]
  [clojure.core$reduce invokeStatic "core.clj" 6886]
  [clojure.core$reduce invoke "core.clj" 6868]
  [shadow.build.targets.browser$check_npm_versions$fn__37920 invoke "browser.clj" 781]
  [shadow.build.targets.browser$check_npm_versions invokeStatic "browser.clj" 780]
  [shadow.build.targets.browser$check_npm_versions invoke "browser.clj" 762]
  [shadow.build.targets.browser$process invokeStatic "browser.clj" 817]
  [shadow.build.targets.browser$process invoke "browser.clj" 801]
  [clojure.lang.Var invoke "Var.java" 384]
  [shadow.build$process_stage$fn__14001 invoke "build.clj" 143]
  [shadow.build$process_stage invokeStatic "build.clj" 140]
  [shadow.build$process_stage invoke "build.clj" 132]
  [shadow.build$compile invokeStatic "build.clj" 395]
  [shadow.build$compile invoke "build.clj" 384]
  [shadow.cljs.devtools.server.worker.impl$build_compile invokeStatic "impl.clj" 314]
  [shadow.cljs.devtools.server.worker.impl$build_compile invoke "impl.clj" 300]
  [shadow.cljs.devtools.server.worker.impl$eval15169$fn__15171 invoke "impl.clj" 695]
  [clojure.lang.MultiFn invoke "MultiFn.java" 234]
  [shadow.cljs.devtools.server.util$server_thread$fn__14814$fn__14815$fn__14823 invoke "util.clj" 285]
  [shadow.cljs.devtools.server.util$server_thread$fn__14814$fn__14815 invoke "util.clj" 284]
  [shadow.cljs.devtools.server.util$server_thread$fn__14814 invoke "util.clj" 257]
  [clojure.lang.AFn run "AFn.java" 22]
  [java.lang.Thread run "Thread.java" 1623]]}]
